{"/home/student/ran-shieber/anyvision/projects/linked_list/linked_list_ecma5.js": {"path":"/home/student/ran-shieber/anyvision/projects/linked_list/linked_list_ecma5.js","statementMap":{"0":{"start":{"line":2,"column":2},"end":{"line":2,"column":20}},"1":{"start":{"line":9,"column":0},"end":{"line":11,"column":2}},"2":{"start":{"line":10,"column":2},"end":{"line":10,"column":29}},"3":{"start":{"line":17,"column":0},"end":{"line":23,"column":2}},"4":{"start":{"line":18,"column":13},"end":{"line":18,"column":14}},"5":{"start":{"line":19,"column":2},"end":{"line":21,"column":3}},"6":{"start":{"line":20,"column":4},"end":{"line":20,"column":14}},"7":{"start":{"line":22,"column":2},"end":{"line":22,"column":14}},"8":{"start":{"line":29,"column":0},"end":{"line":37,"column":2}},"9":{"start":{"line":30,"column":2},"end":{"line":32,"column":3}},"10":{"start":{"line":31,"column":4},"end":{"line":31,"column":56}},"11":{"start":{"line":34,"column":22},"end":{"line":34,"column":38}},"12":{"start":{"line":35,"column":2},"end":{"line":35,"column":32}},"13":{"start":{"line":36,"column":2},"end":{"line":36,"column":21}},"14":{"start":{"line":43,"column":0},"end":{"line":45,"column":1}},"15":{"start":{"line":44,"column":2},"end":{"line":44,"column":58}},"16":{"start":{"line":53,"column":0},"end":{"line":61,"column":1}},"17":{"start":{"line":54,"column":2},"end":{"line":58,"column":3}},"18":{"start":{"line":55,"column":4},"end":{"line":57,"column":5}},"19":{"start":{"line":56,"column":6},"end":{"line":56,"column":19}},"20":{"start":{"line":60,"column":2},"end":{"line":60,"column":19}},"21":{"start":{"line":63,"column":0},"end":{"line":76,"column":2}},"22":{"start":{"line":64,"column":12},"end":{"line":64,"column":22}},"23":{"start":{"line":65,"column":2},"end":{"line":75,"column":4}},"24":{"start":{"line":67,"column":6},"end":{"line":71,"column":7}},"25":{"start":{"line":68,"column":21},"end":{"line":68,"column":30}},"26":{"start":{"line":69,"column":8},"end":{"line":69,"column":24}},"27":{"start":{"line":70,"column":8},"end":{"line":70,"column":44}},"28":{"start":{"line":73,"column":6},"end":{"line":73,"column":46}},"29":{"start":{"line":78,"column":0},"end":{"line":81,"column":2}},"30":{"start":{"line":79,"column":2},"end":{"line":79,"column":20}},"31":{"start":{"line":80,"column":2},"end":{"line":80,"column":20}},"32":{"start":{"line":83,"column":0},"end":{"line":83,"column":49}}},"fnMap":{"0":{"name":"LinkedListECMA5","decl":{"start":{"line":1,"column":9},"end":{"line":1,"column":24}},"loc":{"start":{"line":1,"column":28},"end":{"line":3,"column":1}},"line":1},"1":{"name":"(anonymous_1)","decl":{"start":{"line":9,"column":36},"end":{"line":9,"column":37}},"loc":{"start":{"line":9,"column":48},"end":{"line":11,"column":1}},"line":9},"2":{"name":"(anonymous_2)","decl":{"start":{"line":17,"column":33},"end":{"line":17,"column":34}},"loc":{"start":{"line":17,"column":45},"end":{"line":23,"column":1}},"line":17},"3":{"name":"(anonymous_3)","decl":{"start":{"line":29,"column":37},"end":{"line":29,"column":38}},"loc":{"start":{"line":29,"column":49},"end":{"line":37,"column":1}},"line":29},"4":{"name":"(anonymous_4)","decl":{"start":{"line":43,"column":38},"end":{"line":43,"column":39}},"loc":{"start":{"line":43,"column":54},"end":{"line":45,"column":1}},"line":43},"5":{"name":"(anonymous_5)","decl":{"start":{"line":53,"column":33},"end":{"line":53,"column":34}},"loc":{"start":{"line":53,"column":57},"end":{"line":61,"column":1}},"line":53},"6":{"name":"(anonymous_6)","decl":{"start":{"line":63,"column":45},"end":{"line":63,"column":46}},"loc":{"start":{"line":63,"column":57},"end":{"line":76,"column":1}},"line":63},"7":{"name":"(anonymous_7)","decl":{"start":{"line":66,"column":4},"end":{"line":66,"column":5}},"loc":{"start":{"line":66,"column":12},"end":{"line":74,"column":5}},"line":66},"8":{"name":"(anonymous_8)","decl":{"start":{"line":78,"column":23},"end":{"line":78,"column":24}},"loc":{"start":{"line":78,"column":45},"end":{"line":81,"column":1}},"line":78}},"branchMap":{"0":{"loc":{"start":{"line":30,"column":2},"end":{"line":32,"column":3}},"type":"if","locations":[{"start":{"line":30,"column":2},"end":{"line":32,"column":3}},{"start":{"line":30,"column":2},"end":{"line":32,"column":3}}],"line":30},"1":{"loc":{"start":{"line":55,"column":4},"end":{"line":57,"column":5}},"type":"if","locations":[{"start":{"line":55,"column":4},"end":{"line":57,"column":5}},{"start":{"line":55,"column":4},"end":{"line":57,"column":5}}],"line":55},"2":{"loc":{"start":{"line":67,"column":6},"end":{"line":71,"column":7}},"type":"if","locations":[{"start":{"line":67,"column":6},"end":{"line":71,"column":7}},{"start":{"line":67,"column":6},"end":{"line":71,"column":7}}],"line":67}},"s":{"0":10,"1":1,"2":5,"3":1,"4":39,"5":39,"6":400,"7":39,"8":1,"9":21,"10":1,"11":20,"12":20,"13":20,"14":1,"15":408034,"16":1,"17":5,"18":403987,"19":3,"20":2,"21":1,"22":46,"23":46,"24":408440,"25":408397,"26":408397,"27":408397,"28":43,"29":1,"30":408034,"31":408034,"32":1},"f":{"0":10,"1":5,"2":39,"3":21,"4":408034,"5":5,"6":46,"7":408440,"8":408034},"b":{"0":[1,20],"1":[3,403984],"2":[408397,43]},"_coverageSchema":"43e27e138ebf9cfc5966b082cf9a028302ed4184","hash":"2bced7a72381d921c09055f7fea19e2efb82a093"}
}
